[04Apr2025 00:00:10.932] [Server thread/WARN] [net.minecraft.server.level.ServerPlayerGameMode/]: Mismatch in destroy block pos: BlockPos{x=39, y=72, z=-433} BlockPos{x=39, y=71, z=-432}
[04Apr2025 00:01:22.051] [Server thread/INFO] [net.minecraft.server.MinecraftServer/]: [Flancito0_: Set own game mode to Spectator Mode]
[04Apr2025 00:01:31.056] [Worker-Main-13/WARN] [net.minecraft.world.entity.ai.attributes.AttributeMap/]: Ignoring unknown attribute 'forge:step_height'
[04Apr2025 00:01:31.065] [Worker-Main-13/WARN] [net.minecraft.world.entity.ai.attributes.AttributeMap/]: Ignoring unknown attribute 'forge:step_height'
[04Apr2025 00:01:39.023] [Server thread/INFO] [net.minecraft.server.MinecraftServer/]: [Flancito0_: Set own game mode to Survival Mode]
[04Apr2025 00:02:08.569] [Server thread/INFO] [net.minecraft.server.MinecraftServer/]: [Flancito0_: Set own game mode to Spectator Mode]
[04Apr2025 00:02:14.234] [Server thread/INFO] [net.minecraft.server.MinecraftServer/]: Flancito0_ has made the advancement [The Soul Forge]
[04Apr2025 00:02:24.530] [Server thread/INFO] [net.minecraft.server.MinecraftServer/]: [Flancito0_: Set own game mode to Survival Mode]
[04Apr2025 00:07:05.626] [Server thread/INFO] [net.minecraft.server.MinecraftServer/]: Flancito0_ has completed the challenge [The broken Nether's warmachine]
[04Apr2025 00:10:52.414] [Server thread/INFO] [net.minecraft.server.MinecraftServer/]: [Flancito0_: Teleported Flancito0_ to 261.500000, 101.500000, -99.500000]
[04Apr2025 00:18:22.559] [Server thread/INFO] [net.minecraft.server.MinecraftServer/]: [Flancito0_: Set own game mode to Creative Mode]
[04Apr2025 00:18:30.250] [Server thread/INFO] [net.minecraft.server.MinecraftServer/]: [Flancito0_: Set own game mode to Survival Mode]
[04Apr2025 00:18:43.979] [Server thread/INFO] [net.minecraft.server.MinecraftServer/]: [Flancito0_: Set own game mode to Creative Mode]
[04Apr2025 00:23:14.440] [Server thread/INFO] [net.minecraft.server.MinecraftServer/]: [Flancito0_: Set own game mode to Survival Mode]
[04Apr2025 00:23:48.222] [Server thread/INFO] [net.minecraft.server.network.ServerGamePacketListenerImpl/]: Flancito0_ lost connection: Disconnected
[04Apr2025 00:23:48.222] [Server thread/INFO] [net.minecraft.server.MinecraftServer/]: Flancito0_ left the game
[04Apr2025 00:24:02.720] [Server thread/INFO] [net.minecraft.server.MinecraftServer/]: Stopping the server
[04Apr2025 00:24:02.764] [Server thread/INFO] [net.minecraft.server.MinecraftServer/]: Stopping server
[04Apr2025 00:24:02.765] [Server thread/INFO] [net.minecraft.server.MinecraftServer/]: Saving players
[04Apr2025 00:24:02.765] [Server thread/INFO] [net.minecraft.server.MinecraftServer/]: Saving worlds
[04Apr2025 00:24:03.501] [Server thread/INFO] [net.minecraft.server.MinecraftServer/]: Saving chunks for level 'ServerLevel[world]'/minecraft:overworld
[04Apr2025 00:24:03.614] [Server thread/INFO] [net.minecraft.server.MinecraftServer/]: Saving chunks for level 'ServerLevel[world]'/minecraft:the_end
[04Apr2025 00:24:03.617] [Server thread/INFO] [net.minecraft.server.MinecraftServer/]: Saving chunks for level 'ServerLevel[world]'/minecraft:the_nether
[04Apr2025 00:24:03.674] [Server thread/INFO] [net.minecraft.server.MinecraftServer/]: ThreadedAnvilChunkStorage (world): All chunks are saved
[04Apr2025 00:24:03.675] [Server thread/INFO] [net.minecraft.server.MinecraftServer/]: ThreadedAnvilChunkStorage (DIM1): All chunks are saved
[04Apr2025 00:24:03.675] [Server thread/INFO] [net.minecraft.server.MinecraftServer/]: ThreadedAnvilChunkStorage (DIM-1): All chunks are saved
[04Apr2025 00:24:03.675] [Server thread/INFO] [net.minecraft.server.MinecraftServer/]: ThreadedAnvilChunkStorage: All dimensions are saved
[04Apr2025 00:24:03.812] [Thread-0/INFO] [Puzzles Lib/]: Unloading server config for easyanvils
